arg-sample 1.0
start time: Fri Jun  5 15:23:45 2020
command: ./arg-sample -s ../argweaver/examples/sim1/sim1.sites -N 10000 -r 1.6e-8 -m 1.8e-8 --ntimes 20 --maxtime 200e3 -c 20 -n 100 -o ../argweaver/examples/sim1/sim1.sample --ts ../../simulate/arg/simulation_source.10000.trees --overwrite
random seed: 1591385025
read input sites (chrom=chr, start=0, end=100000, length=100000, nseqs=8, nsites=170)
0 sites are partially masked but otherwise invariant
masked 0 (0.0%) positions

model: 
  mu = 3.600000e-07
  rho = 3.200000e-07
  smc_prime = false
  ntimes = 20
  times = [0.000000,49.193481,122.586947,232.085215,395.449492,639.178343,1002.805899,1545.314509,2354.701987,3562.255340,5363.846221,8051.702368,12061.808515,18044.625462,26970.598323,40287.567936,60155.618452,89797.454603,134021.141756,200000.000000]
  npop = 1
  popsizes = [10000.0,
              10000.0,
              10000.0,
              10000.0,
              10000.0,
              10000.0,
              10000.0,
              10000.0,
              10000.0,
              10000.0,
              10000.0,
              10000.0,
              10000.0,
              10000.0,
              10000.0,
              10000.0,
              10000.0,
              10000.0,
              10000.0,
              10000.0,
              10000.0,
              10000.0,
              10000.0,
              10000.0,
              10000.0,
              10000.0,
              10000.0,
              10000.0,
              10000.0,
              10000.0,
              10000.0,
              10000.0,
              10000.0,
              10000.0,
              10000.0,
              10000.0,
              10000.0,
              10000.0,
              10000.0]

number of samples in the tree sequences: 10000
number of local trees in the tree sequences: 3647

tree 0

tree 1

tree 2

tree 3

tree 4

tree 5

tree 6

tree 7

tree 8

tree 9

tree 10

tree 11

tree 12

tree 13

tree 14

tree 15

tree 16

tree 17

tree 18

tree 19

tree 20

tree 21

tree 22

tree 23

tree 24

tree 25

tree 26

tree 27

tree 28

tree 29

tree 30

tree 31

tree 32

tree 33

tree 34

tree 35

tree 36

tree 37

tree 38

tree 39

tree 40

tree 41

tree 42

tree 43

tree 44

tree 45

tree 46

tree 47

tree 48

tree 49

tree 50

tree 51

tree 52

tree 53

tree 54

tree 55

tree 56

tree 57

tree 58

tree 59

tree 60

tree 61

tree 62

tree 63

tree 64

tree 65

tree 66

tree 67

tree 68

tree 69

tree 70

tree 71

tree 72

tree 73

tree 74

tree 75

tree 76

tree 77

tree 78

tree 79

tree 80

tree 81

tree 82

tree 83

tree 84

tree 85

tree 86

tree 87

tree 88

tree 89

tree 90

tree 91

tree 92

tree 93

tree 94

tree 95

tree 96

tree 97

tree 98

tree 99

tree 100

tree 101

tree 102

tree 103

tree 104

tree 105

tree 106

tree 107

tree 108

tree 109

tree 110

tree 111

tree 112

tree 113

tree 114

tree 115

tree 116

tree 117

tree 118

tree 119

tree 120

tree 121

tree 122

tree 123

tree 124

tree 125

tree 126

tree 127

tree 128

tree 129

tree 130

tree 131

tree 132

tree 133

tree 134

tree 135

tree 136

tree 137

tree 138

tree 139

tree 140

tree 141

tree 142

tree 143

tree 144

tree 145

tree 146

tree 147

tree 148

tree 149

tree 150

tree 151

tree 152

tree 153

tree 154

tree 155

tree 156

tree 157

tree 158

tree 159

tree 160

tree 161

tree 162

tree 163

tree 164

tree 165

tree 166

tree 167

tree 168

tree 169

tree 170

tree 171

tree 172

tree 173

tree 174

tree 175

tree 176

tree 177

tree 178

tree 179

tree 180

tree 181

tree 182

tree 183

tree 184

tree 185

tree 186

tree 187

tree 188

tree 189

tree 190

tree 191

tree 192

tree 193

tree 194

tree 195

tree 196

tree 197

tree 198

tree 199

tree 200

tree 201

tree 202

tree 203

tree 204

tree 205

tree 206

tree 207

tree 208

tree 209

tree 210

tree 211

tree 212

tree 213

tree 214

tree 215

tree 216

tree 217

tree 218

tree 219

tree 220

tree 221

tree 222

tree 223

tree 224

tree 225

tree 226

tree 227

tree 228

tree 229

tree 230

tree 231

tree 232

tree 233

tree 234

tree 235

tree 236

tree 237

tree 238

tree 239

tree 240

tree 241

tree 242

tree 243

tree 244

tree 245

tree 246

tree 247

tree 248

tree 249

tree 250

tree 251

tree 252

tree 253

tree 254

tree 255

tree 256

tree 257

tree 258

tree 259

tree 260

tree 261

tree 262

tree 263

tree 264

tree 265

tree 266

tree 267

tree 268

tree 269

tree 270

tree 271

tree 272

tree 273

tree 274

tree 275

tree 276

tree 277

tree 278

tree 279

tree 280

tree 281

tree 282

tree 283

tree 284

tree 285

tree 286

tree 287

tree 288

tree 289

tree 290

tree 291

tree 292

tree 293

tree 294

tree 295

tree 296

tree 297

tree 298

tree 299

tree 300

tree 301

tree 302

tree 303

tree 304

tree 305

tree 306

tree 307

tree 308

tree 309

tree 310

tree 311

tree 312

tree 313

tree 314

tree 315

tree 316

tree 317

tree 318

tree 319

tree 320

tree 321

tree 322

tree 323

tree 324

tree 325

tree 326

tree 327

tree 328

tree 329

tree 330

tree 331

tree 332

tree 333

tree 334

tree 335

tree 336

tree 337

tree 338

tree 339

tree 340

tree 341

tree 342

tree 343

tree 344

tree 345

tree 346

tree 347

tree 348

tree 349

tree 350

tree 351

tree 352

tree 353

tree 354

tree 355

tree 356

tree 357

tree 358

tree 359

tree 360

tree 361

tree 362

tree 363

tree 364

tree 365

tree 366

tree 367

tree 368

tree 369

tree 370

tree 371

tree 372

tree 373

tree 374

tree 375

tree 376

tree 377

tree 378

tree 379

tree 380

tree 381

tree 382

tree 383

tree 384

tree 385

tree 386

tree 387

tree 388

tree 389

tree 390

tree 391

tree 392

tree 393

tree 394

tree 395

tree 396

tree 397

tree 398

tree 399

tree 400

tree 401

tree 402

tree 403

tree 404

tree 405

tree 406

tree 407

tree 408

tree 409

tree 410

tree 411

tree 412

tree 413

tree 414

tree 415

tree 416

tree 417

tree 418

tree 419

tree 420

tree 421

tree 422

tree 423

tree 424

tree 425

tree 426

tree 427

tree 428

tree 429

tree 430

tree 431

tree 432

tree 433

tree 434

tree 435

tree 436

tree 437

tree 438

tree 439

tree 440

tree 441

tree 442

tree 443

tree 444

tree 445

tree 446

tree 447

tree 448

tree 449

tree 450

tree 451

tree 452

tree 453

tree 454

tree 455

tree 456

tree 457

tree 458

tree 459

tree 460

tree 461

tree 462

tree 463

tree 464

tree 465

tree 466

tree 467

tree 468

tree 469

tree 470

tree 471

tree 472

tree 473

tree 474

tree 475

tree 476

tree 477

tree 478

tree 479

tree 480

tree 481

tree 482

tree 483

tree 484

tree 485

tree 486

tree 487

tree 488

tree 489

tree 490

tree 491

tree 492

tree 493

tree 494

tree 495

tree 496

tree 497

tree 498

tree 499

tree 500

tree 501

tree 502

tree 503

tree 504

tree 505

tree 506

tree 507

tree 508

tree 509

tree 510

tree 511

tree 512

tree 513

tree 514

tree 515

tree 516

tree 517

tree 518

tree 519

tree 520

tree 521

tree 522

tree 523

tree 524

tree 525

tree 526

tree 527

tree 528

tree 529

tree 530

tree 531

tree 532

tree 533

tree 534

tree 535

tree 536

tree 537

tree 538

tree 539

tree 540

tree 541

tree 542

tree 543

tree 544

tree 545

tree 546

tree 547

tree 548

tree 549

tree 550

tree 551

tree 552

tree 553

tree 554

tree 555

tree 556

tree 557

tree 558

tree 559

tree 560

tree 561

tree 562

tree 563

tree 564

tree 565

tree 566

tree 567

tree 568

tree 569

tree 570

tree 571

tree 572

tree 573

tree 574

tree 575

tree 576

tree 577

tree 578

tree 579

tree 580

tree 581

tree 582

tree 583

tree 584

tree 585

tree 586

tree 587

tree 588

tree 589

tree 590

tree 591

tree 592

tree 593

tree 594

tree 595

tree 596

tree 597

tree 598

tree 599

tree 600

tree 601

tree 602

tree 603

tree 604

tree 605

tree 606

tree 607

tree 608

tree 609

tree 610

tree 611

tree 612

tree 613

tree 614

tree 615

tree 616

tree 617

tree 618

tree 619

tree 620

tree 621

tree 622

tree 623

tree 624

tree 625

tree 626

tree 627

tree 628

tree 629

tree 630

tree 631

tree 632

tree 633

tree 634

tree 635

tree 636

tree 637

tree 638

tree 639

tree 640

tree 641

tree 642

tree 643

tree 644

tree 645

tree 646

tree 647

tree 648

tree 649

tree 650

tree 651

tree 652

tree 653

tree 654

tree 655

tree 656

tree 657

tree 658

tree 659

tree 660

tree 661

tree 662

tree 663

tree 664

tree 665

tree 666

tree 667

tree 668

tree 669

tree 670

tree 671

tree 672

tree 673

tree 674

tree 675

tree 676

tree 677

tree 678

tree 679

tree 680

tree 681

tree 682

tree 683

tree 684

tree 685

tree 686

tree 687

tree 688

tree 689

tree 690

tree 691

tree 692

tree 693

tree 694

tree 695

tree 696

tree 697

tree 698

tree 699

tree 700

tree 701

tree 702

tree 703

tree 704

tree 705

tree 706

tree 707

tree 708

tree 709

tree 710

tree 711

tree 712

tree 713

tree 714

tree 715

tree 716

tree 717

tree 718

tree 719

tree 720

tree 721

tree 722

tree 723

tree 724

tree 725

tree 726

tree 727

tree 728

tree 729

tree 730

tree 731

tree 732

tree 733

tree 734

tree 735

tree 736

tree 737

tree 738

tree 739

tree 740

tree 741

tree 742

tree 743

tree 744

tree 745

tree 746

tree 747

tree 748

tree 749

tree 750

tree 751

tree 752

tree 753

tree 754

tree 755

tree 756

tree 757

tree 758

tree 759

tree 760

tree 761

tree 762

tree 763

tree 764

tree 765

tree 766

tree 767

tree 768

tree 769

tree 770

tree 771

tree 772

tree 773

tree 774

tree 775

tree 776

tree 777

tree 778

tree 779

tree 780

tree 781

tree 782

tree 783

tree 784

tree 785

tree 786

tree 787

tree 788

tree 789

tree 790

tree 791

tree 792

tree 793

tree 794

tree 795

tree 796

tree 797

tree 798

tree 799

tree 800

tree 801

tree 802

tree 803

tree 804

tree 805

tree 806

tree 807

tree 808

tree 809

tree 810

tree 811

tree 812

tree 813

tree 814

tree 815

tree 816

tree 817

tree 818

tree 819

tree 820

tree 821

tree 822

tree 823

tree 824

tree 825

tree 826

tree 827

tree 828

tree 829

tree 830

tree 831

tree 832

tree 833

tree 834

tree 835

tree 836

tree 837

tree 838

tree 839

tree 840

tree 841

tree 842

tree 843

tree 844

tree 845

tree 846

tree 847

tree 848

tree 849

tree 850

tree 851

tree 852

tree 853

tree 854

tree 855

tree 856

tree 857

tree 858

tree 859

tree 860

tree 861

tree 862

tree 863

tree 864

tree 865

tree 866

tree 867

tree 868

tree 869

tree 870

tree 871

tree 872

tree 873

tree 874

tree 875

tree 876

tree 877

tree 878

tree 879

tree 880

tree 881

tree 882

tree 883

tree 884

tree 885

tree 886

tree 887

tree 888

tree 889

tree 890

tree 891

tree 892

tree 893

tree 894

tree 895

tree 896

tree 897

tree 898

tree 899

tree 900

tree 901

tree 902

tree 903

tree 904

tree 905

tree 906

tree 907

tree 908

tree 909

tree 910

tree 911

tree 912

tree 913

tree 914

tree 915

tree 916

tree 917

tree 918

tree 919

tree 920

tree 921

tree 922

tree 923

tree 924

tree 925

tree 926

tree 927

tree 928

tree 929

tree 930

tree 931

tree 932

tree 933

tree 934

tree 935

tree 936

tree 937

tree 938

tree 939

tree 940

tree 941

tree 942

tree 943

tree 944

tree 945

tree 946

tree 947

tree 948

tree 949

tree 950

tree 951

tree 952

tree 953

tree 954

tree 955

tree 956

tree 957

tree 958

tree 959

tree 960

tree 961

tree 962

tree 963

tree 964

tree 965

tree 966

tree 967

tree 968

tree 969

tree 970

tree 971

tree 972

tree 973

tree 974

tree 975

tree 976

tree 977

tree 978

tree 979

tree 980

tree 981

tree 982

tree 983

tree 984

tree 985

tree 986

tree 987

tree 988

tree 989

tree 990

tree 991

tree 992

tree 993

tree 994

tree 995

tree 996

tree 997

tree 998

tree 999

tree 1000

tree 1001

tree 1002

tree 1003

tree 1004

tree 1005

tree 1006

tree 1007

tree 1008

tree 1009

tree 1010

tree 1011

tree 1012

tree 1013

tree 1014

tree 1015

tree 1016

tree 1017

tree 1018

tree 1019

tree 1020

tree 1021

tree 1022

tree 1023

tree 1024

tree 1025

tree 1026

tree 1027

tree 1028

tree 1029

tree 1030

tree 1031

tree 1032

tree 1033

tree 1034

tree 1035

tree 1036

tree 1037

tree 1038

tree 1039

tree 1040

tree 1041

tree 1042

tree 1043

tree 1044

tree 1045

tree 1046

tree 1047

tree 1048

tree 1049

tree 1050

tree 1051

tree 1052

tree 1053

tree 1054

tree 1055

tree 1056

tree 1057

tree 1058

tree 1059

tree 1060

tree 1061

tree 1062

tree 1063

tree 1064

tree 1065

tree 1066

tree 1067

tree 1068

tree 1069

tree 1070

tree 1071

tree 1072

tree 1073

tree 1074

tree 1075

tree 1076

tree 1077

tree 1078

tree 1079

tree 1080

tree 1081

tree 1082

tree 1083

tree 1084

tree 1085

tree 1086

tree 1087

tree 1088

tree 1089

tree 1090

tree 1091

tree 1092

tree 1093

tree 1094

tree 1095

tree 1096

tree 1097

tree 1098

tree 1099

tree 1100

tree 1101

tree 1102

tree 1103

tree 1104

tree 1105

tree 1106

tree 1107

tree 1108

tree 1109

tree 1110

tree 1111

tree 1112

tree 1113

tree 1114

tree 1115

tree 1116

tree 1117

tree 1118

tree 1119

tree 1120

tree 1121

tree 1122

tree 1123

tree 1124

tree 1125

tree 1126

tree 1127

tree 1128

tree 1129

tree 1130

tree 1131

tree 1132

tree 1133

tree 1134

tree 1135

tree 1136

tree 1137

tree 1138

tree 1139

tree 1140

tree 1141

tree 1142

tree 1143

tree 1144

tree 1145

tree 1146

tree 1147

tree 1148

tree 1149

tree 1150

tree 1151

tree 1152

tree 1153

tree 1154

tree 1155

tree 1156

tree 1157

tree 1158

tree 1159

tree 1160

tree 1161

tree 1162

tree 1163

tree 1164

tree 1165

tree 1166

tree 1167

tree 1168

tree 1169

tree 1170

tree 1171

tree 1172

tree 1173

tree 1174

tree 1175

tree 1176

tree 1177

tree 1178

tree 1179

tree 1180

tree 1181

tree 1182

tree 1183

tree 1184

tree 1185

tree 1186

tree 1187

tree 1188

tree 1189

tree 1190

tree 1191

tree 1192

tree 1193

tree 1194

tree 1195

tree 1196

tree 1197

tree 1198

tree 1199

tree 1200

tree 1201

tree 1202

tree 1203

tree 1204

tree 1205

tree 1206

tree 1207

tree 1208

tree 1209

tree 1210

tree 1211

tree 1212

tree 1213

tree 1214

tree 1215

tree 1216

tree 1217

tree 1218

tree 1219

tree 1220

tree 1221

tree 1222

tree 1223

tree 1224

tree 1225

tree 1226

tree 1227

tree 1228

tree 1229

tree 1230

tree 1231

tree 1232

tree 1233

tree 1234

tree 1235

tree 1236

tree 1237

tree 1238

tree 1239

tree 1240

tree 1241

tree 1242

tree 1243

tree 1244

tree 1245

tree 1246

tree 1247

tree 1248

tree 1249

tree 1250

tree 1251

tree 1252

tree 1253

tree 1254

tree 1255

tree 1256

tree 1257

tree 1258

tree 1259

tree 1260

tree 1261

tree 1262

tree 1263

tree 1264

tree 1265

tree 1266

tree 1267

tree 1268

tree 1269

tree 1270

tree 1271

tree 1272

tree 1273

tree 1274

tree 1275

tree 1276

tree 1277

tree 1278

tree 1279

tree 1280

tree 1281

tree 1282

tree 1283

tree 1284

tree 1285

tree 1286

tree 1287

tree 1288

tree 1289

tree 1290

tree 1291

tree 1292

tree 1293

tree 1294

tree 1295

tree 1296

tree 1297

tree 1298

tree 1299

tree 1300

tree 1301

tree 1302

tree 1303

tree 1304

tree 1305

tree 1306

tree 1307

tree 1308

tree 1309

tree 1310

tree 1311

tree 1312

tree 1313

tree 1314

tree 1315

tree 1316

tree 1317

tree 1318

tree 1319

tree 1320

tree 1321

tree 1322

tree 1323

tree 1324

tree 1325

tree 1326

tree 1327

tree 1328

tree 1329

tree 1330

tree 1331

tree 1332

tree 1333

tree 1334

tree 1335

tree 1336

tree 1337

tree 1338

tree 1339

tree 1340

tree 1341

tree 1342

tree 1343

tree 1344

tree 1345

tree 1346

tree 1347

tree 1348

tree 1349

tree 1350

tree 1351

tree 1352

tree 1353

tree 1354

tree 1355

tree 1356

tree 1357

tree 1358

tree 1359

tree 1360

tree 1361

tree 1362

tree 1363

tree 1364

tree 1365

tree 1366

tree 1367

tree 1368

tree 1369

tree 1370

tree 1371

tree 1372

tree 1373

tree 1374

tree 1375

tree 1376

tree 1377

tree 1378

tree 1379

tree 1380

tree 1381

tree 1382

tree 1383

tree 1384

tree 1385

tree 1386

tree 1387

tree 1388

tree 1389

tree 1390

tree 1391

tree 1392

tree 1393

tree 1394

tree 1395

tree 1396

tree 1397

tree 1398

tree 1399

tree 1400

tree 1401

tree 1402

tree 1403

tree 1404

tree 1405

tree 1406

tree 1407

tree 1408

tree 1409

tree 1410

tree 1411

tree 1412

tree 1413

tree 1414

tree 1415

tree 1416

tree 1417

tree 1418

tree 1419

tree 1420

tree 1421

tree 1422

tree 1423

tree 1424

tree 1425

tree 1426

tree 1427

tree 1428

tree 1429

tree 1430

tree 1431

tree 1432

tree 1433

tree 1434

tree 1435

tree 1436

tree 1437

tree 1438

tree 1439

tree 1440

tree 1441

tree 1442

tree 1443

tree 1444

tree 1445

tree 1446

tree 1447

tree 1448

tree 1449

tree 1450

tree 1451

tree 1452

tree 1453

tree 1454

tree 1455

tree 1456

tree 1457

tree 1458

tree 1459

tree 1460

tree 1461

tree 1462

tree 1463

tree 1464

tree 1465

tree 1466

tree 1467

tree 1468

tree 1469

tree 1470

tree 1471

tree 1472

tree 1473

tree 1474

tree 1475

tree 1476

tree 1477

tree 1478

tree 1479

tree 1480

tree 1481

tree 1482

tree 1483

tree 1484

tree 1485

tree 1486

tree 1487

tree 1488

tree 1489

tree 1490

tree 1491

tree 1492

tree 1493

tree 1494

tree 1495

tree 1496

tree 1497

tree 1498

tree 1499

tree 1500

tree 1501

tree 1502

tree 1503

tree 1504

tree 1505

tree 1506

tree 1507

tree 1508

tree 1509

tree 1510

tree 1511

tree 1512

tree 1513

tree 1514

tree 1515

tree 1516

tree 1517

tree 1518

tree 1519

tree 1520

tree 1521

tree 1522

tree 1523

tree 1524

tree 1525

tree 1526

tree 1527

tree 1528

tree 1529

tree 1530

tree 1531

tree 1532

tree 1533

tree 1534

tree 1535

tree 1536

tree 1537

tree 1538

tree 1539

tree 1540

tree 1541

tree 1542

tree 1543

tree 1544

tree 1545

tree 1546

tree 1547

tree 1548

tree 1549

tree 1550

tree 1551

tree 1552

tree 1553

tree 1554

tree 1555

tree 1556

tree 1557

tree 1558

tree 1559

tree 1560

tree 1561

tree 1562

tree 1563

tree 1564

tree 1565

tree 1566

tree 1567

tree 1568

tree 1569

tree 1570

tree 1571

tree 1572

tree 1573

tree 1574

tree 1575

tree 1576

tree 1577

tree 1578

tree 1579

tree 1580

tree 1581

tree 1582

tree 1583

tree 1584

tree 1585

tree 1586

tree 1587

tree 1588

tree 1589

tree 1590

tree 1591

tree 1592

tree 1593

tree 1594

tree 1595

tree 1596

tree 1597

tree 1598

tree 1599

tree 1600

tree 1601

tree 1602

tree 1603

tree 1604

tree 1605

tree 1606

tree 1607

tree 1608

tree 1609

tree 1610

tree 1611

tree 1612

tree 1613

tree 1614

tree 1615

tree 1616

tree 1617

tree 1618

tree 1619

tree 1620

tree 1621

tree 1622

tree 1623

tree 1624

tree 1625

tree 1626

tree 1627

tree 1628

tree 1629

tree 1630

tree 1631

tree 1632

tree 1633

tree 1634

tree 1635

tree 1636

tree 1637

tree 1638

tree 1639

tree 1640

tree 1641

tree 1642

tree 1643

tree 1644

tree 1645

tree 1646

tree 1647

tree 1648

tree 1649

tree 1650

tree 1651

tree 1652

tree 1653

tree 1654

tree 1655

tree 1656

tree 1657

tree 1658

tree 1659

tree 1660

tree 1661

tree 1662

tree 1663

tree 1664

tree 1665

tree 1666

tree 1667

tree 1668

tree 1669

tree 1670

tree 1671

tree 1672

tree 1673

tree 1674

tree 1675

tree 1676

tree 1677

tree 1678

tree 1679

tree 1680

tree 1681

tree 1682

tree 1683

tree 1684

tree 1685

tree 1686

tree 1687

tree 1688

tree 1689

tree 1690

tree 1691

tree 1692

tree 1693

tree 1694

tree 1695

tree 1696

tree 1697

tree 1698

tree 1699

tree 1700

tree 1701

tree 1702

tree 1703

tree 1704

tree 1705

tree 1706

tree 1707

tree 1708

tree 1709

tree 1710

tree 1711

tree 1712

tree 1713

tree 1714

tree 1715

tree 1716

tree 1717

tree 1718

tree 1719

tree 1720

tree 1721

tree 1722

tree 1723

tree 1724

tree 1725

tree 1726

tree 1727

tree 1728

tree 1729

tree 1730

tree 1731

tree 1732

tree 1733

tree 1734

tree 1735

tree 1736

tree 1737

tree 1738

tree 1739

tree 1740

tree 1741

tree 1742

tree 1743

tree 1744

tree 1745

tree 1746

tree 1747

tree 1748

tree 1749

tree 1750

tree 1751

tree 1752

tree 1753

tree 1754

tree 1755

tree 1756

tree 1757

tree 1758

tree 1759

tree 1760

tree 1761

tree 1762

tree 1763

tree 1764

tree 1765

tree 1766

tree 1767

tree 1768

tree 1769

tree 1770

tree 1771

tree 1772

tree 1773

tree 1774

tree 1775

tree 1776

tree 1777

tree 1778

tree 1779

tree 1780

tree 1781

tree 1782

tree 1783

tree 1784

tree 1785

tree 1786

tree 1787

tree 1788

tree 1789

tree 1790

tree 1791

tree 1792

tree 1793

tree 1794

tree 1795

tree 1796

tree 1797

tree 1798

tree 1799

tree 1800

tree 1801

tree 1802

tree 1803

tree 1804

tree 1805

tree 1806

tree 1807

tree 1808

tree 1809

tree 1810

tree 1811

tree 1812

tree 1813

tree 1814

tree 1815

tree 1816

tree 1817

tree 1818

tree 1819

tree 1820

tree 1821

tree 1822

tree 1823

tree 1824

tree 1825

tree 1826

tree 1827

tree 1828

tree 1829

tree 1830

tree 1831

tree 1832

tree 1833

tree 1834

tree 1835

tree 1836

tree 1837

tree 1838

tree 1839

tree 1840

tree 1841

tree 1842

tree 1843

tree 1844

tree 1845

tree 1846

tree 1847

tree 1848

tree 1849

tree 1850

tree 1851

tree 1852

tree 1853

tree 1854

tree 1855

tree 1856

tree 1857

tree 1858

tree 1859

tree 1860

tree 1861

tree 1862

tree 1863

tree 1864

tree 1865

tree 1866

tree 1867

tree 1868

tree 1869

tree 1870

tree 1871

tree 1872

tree 1873

tree 1874

tree 1875

tree 1876

tree 1877

tree 1878

tree 1879

tree 1880

tree 1881

tree 1882

tree 1883

tree 1884

tree 1885

tree 1886

tree 1887

tree 1888

tree 1889

tree 1890

tree 1891

tree 1892

tree 1893

tree 1894

tree 1895

tree 1896

tree 1897

tree 1898

tree 1899

tree 1900

tree 1901

tree 1902

tree 1903

tree 1904

tree 1905

tree 1906

tree 1907

tree 1908

tree 1909

tree 1910

tree 1911

tree 1912

tree 1913

tree 1914

tree 1915

tree 1916

tree 1917

tree 1918

tree 1919

tree 1920

tree 1921

tree 1922

tree 1923

tree 1924

tree 1925

tree 1926

tree 1927

tree 1928

tree 1929

tree 1930

tree 1931

tree 1932

tree 1933

tree 1934

tree 1935

tree 1936

tree 1937

tree 1938

tree 1939

tree 1940

tree 1941

tree 1942

tree 1943

tree 1944

tree 1945

tree 1946

tree 1947

tree 1948

tree 1949

tree 1950

tree 1951

tree 1952

tree 1953

tree 1954

tree 1955

tree 1956

tree 1957

tree 1958

tree 1959

tree 1960

tree 1961

tree 1962

tree 1963

tree 1964

tree 1965

tree 1966

tree 1967

tree 1968

tree 1969

tree 1970

tree 1971

tree 1972

tree 1973

tree 1974

tree 1975

tree 1976

tree 1977

tree 1978

tree 1979

tree 1980

tree 1981

tree 1982

tree 1983

tree 1984

tree 1985

tree 1986

tree 1987

tree 1988

tree 1989

tree 1990

tree 1991

tree 1992

tree 1993

tree 1994

tree 1995

tree 1996

tree 1997

tree 1998

tree 1999

tree 2000

tree 2001

tree 2002

tree 2003

tree 2004

tree 2005

tree 2006

tree 2007

tree 2008

tree 2009

tree 2010

tree 2011

tree 2012

tree 2013

tree 2014

tree 2015

tree 2016

tree 2017

tree 2018

tree 2019

tree 2020

tree 2021

tree 2022

tree 2023

tree 2024

tree 2025

tree 2026

tree 2027

tree 2028

tree 2029

tree 2030

tree 2031

tree 2032

tree 2033

tree 2034

tree 2035

tree 2036

tree 2037

tree 2038

tree 2039

tree 2040

tree 2041

tree 2042

tree 2043

tree 2044

tree 2045

tree 2046

tree 2047

tree 2048

tree 2049

tree 2050

tree 2051

tree 2052

tree 2053

tree 2054

tree 2055

tree 2056

tree 2057

tree 2058

tree 2059

tree 2060

tree 2061

tree 2062

tree 2063

tree 2064

tree 2065

tree 2066

tree 2067

tree 2068

tree 2069

tree 2070

tree 2071

tree 2072

tree 2073

tree 2074

tree 2075

tree 2076

tree 2077

tree 2078

tree 2079

tree 2080

tree 2081

tree 2082

tree 2083

tree 2084

tree 2085

tree 2086

tree 2087

tree 2088

tree 2089

tree 2090

tree 2091

tree 2092

tree 2093

tree 2094

tree 2095

tree 2096

tree 2097

tree 2098

tree 2099

tree 2100

tree 2101

tree 2102

tree 2103

tree 2104

tree 2105

tree 2106

tree 2107

tree 2108

tree 2109

tree 2110

tree 2111

tree 2112

tree 2113

tree 2114

tree 2115

tree 2116

tree 2117

tree 2118

tree 2119

tree 2120

tree 2121

tree 2122

tree 2123

tree 2124

tree 2125

tree 2126

tree 2127

tree 2128

tree 2129

tree 2130

tree 2131

tree 2132

tree 2133

tree 2134

tree 2135

tree 2136

tree 2137

tree 2138

tree 2139

tree 2140

tree 2141

tree 2142

tree 2143

tree 2144

tree 2145

tree 2146

tree 2147

tree 2148

tree 2149

tree 2150

tree 2151

tree 2152

tree 2153

tree 2154

tree 2155

tree 2156

tree 2157

tree 2158

tree 2159

tree 2160

tree 2161

tree 2162

tree 2163

tree 2164

tree 2165

tree 2166

tree 2167

tree 2168

tree 2169

tree 2170

tree 2171

tree 2172

tree 2173

tree 2174

tree 2175

tree 2176

tree 2177

tree 2178

tree 2179

tree 2180

tree 2181

tree 2182

tree 2183

tree 2184

tree 2185

tree 2186

tree 2187

tree 2188

tree 2189

tree 2190

tree 2191

tree 2192

tree 2193

tree 2194

tree 2195

tree 2196

tree 2197

tree 2198

tree 2199

tree 2200

tree 2201

tree 2202

tree 2203

tree 2204

tree 2205

tree 2206

tree 2207

tree 2208

tree 2209

tree 2210

tree 2211

tree 2212

tree 2213

tree 2214

tree 2215

tree 2216

tree 2217

tree 2218

tree 2219

tree 2220

tree 2221

tree 2222

tree 2223

tree 2224

tree 2225

tree 2226

tree 2227

tree 2228

tree 2229

tree 2230

tree 2231

tree 2232

tree 2233

tree 2234

tree 2235

tree 2236

tree 2237

tree 2238

tree 2239

tree 2240

tree 2241

tree 2242

tree 2243

tree 2244

tree 2245

tree 2246

tree 2247

tree 2248

tree 2249

tree 2250

tree 2251

tree 2252

tree 2253

tree 2254

tree 2255

tree 2256

tree 2257

tree 2258

tree 2259

tree 2260

tree 2261

tree 2262

tree 2263

tree 2264

tree 2265

tree 2266

tree 2267

tree 2268

tree 2269

tree 2270

tree 2271

tree 2272

tree 2273

tree 2274

tree 2275

tree 2276

tree 2277

tree 2278

tree 2279

tree 2280

tree 2281

tree 2282

tree 2283

tree 2284

tree 2285

tree 2286

tree 2287

tree 2288

tree 2289

tree 2290

tree 2291

tree 2292

tree 2293

tree 2294

tree 2295

tree 2296

tree 2297

tree 2298

tree 2299

tree 2300

tree 2301

tree 2302

tree 2303

tree 2304

tree 2305

tree 2306

tree 2307

tree 2308

tree 2309

tree 2310

tree 2311

tree 2312

tree 2313

tree 2314

tree 2315

tree 2316

tree 2317

tree 2318

tree 2319

tree 2320

tree 2321

tree 2322

tree 2323

tree 2324

tree 2325

tree 2326

tree 2327

tree 2328

tree 2329

tree 2330

tree 2331

tree 2332

tree 2333

tree 2334

tree 2335

tree 2336

tree 2337

tree 2338

tree 2339

tree 2340

tree 2341

tree 2342

tree 2343

tree 2344

tree 2345

tree 2346

tree 2347

tree 2348

tree 2349

tree 2350

tree 2351

tree 2352

tree 2353

tree 2354

tree 2355

tree 2356

tree 2357

tree 2358

tree 2359

tree 2360

tree 2361

tree 2362

tree 2363

tree 2364

tree 2365

tree 2366

tree 2367

tree 2368

tree 2369

tree 2370

tree 2371

tree 2372

tree 2373

tree 2374

tree 2375

tree 2376

tree 2377

tree 2378

tree 2379

tree 2380

tree 2381

tree 2382

tree 2383

tree 2384

tree 2385

tree 2386

tree 2387

tree 2388

tree 2389

tree 2390

tree 2391

tree 2392

tree 2393

tree 2394

tree 2395

tree 2396

tree 2397

tree 2398

tree 2399

tree 2400

tree 2401

tree 2402

tree 2403

tree 2404

tree 2405

tree 2406

tree 2407

tree 2408

tree 2409

tree 2410

tree 2411

tree 2412

tree 2413

tree 2414

tree 2415

tree 2416

tree 2417

tree 2418

tree 2419

tree 2420

tree 2421

tree 2422

tree 2423

tree 2424

tree 2425

tree 2426

tree 2427

tree 2428

tree 2429

tree 2430

tree 2431

tree 2432

tree 2433

tree 2434

tree 2435

tree 2436

tree 2437

tree 2438

tree 2439

tree 2440

tree 2441

tree 2442

tree 2443

tree 2444

tree 2445

tree 2446

tree 2447

tree 2448

tree 2449

tree 2450

tree 2451

tree 2452

tree 2453

tree 2454

tree 2455

tree 2456

tree 2457

tree 2458

tree 2459

tree 2460

tree 2461

tree 2462

tree 2463

tree 2464

tree 2465

tree 2466

tree 2467

tree 2468

tree 2469

tree 2470

tree 2471

tree 2472

tree 2473

tree 2474

tree 2475

tree 2476

tree 2477

tree 2478

tree 2479

tree 2480

tree 2481

tree 2482

tree 2483

tree 2484

tree 2485

tree 2486

tree 2487

tree 2488

tree 2489

tree 2490

tree 2491

tree 2492

tree 2493

tree 2494

tree 2495

tree 2496

tree 2497

tree 2498

tree 2499

tree 2500

tree 2501

tree 2502

tree 2503

tree 2504

tree 2505

tree 2506

tree 2507

tree 2508

tree 2509

tree 2510

tree 2511

tree 2512

tree 2513

tree 2514

tree 2515

tree 2516

tree 2517

tree 2518

tree 2519

tree 2520

tree 2521

tree 2522

tree 2523

tree 2524

tree 2525

tree 2526

tree 2527

tree 2528

tree 2529

tree 2530

tree 2531

tree 2532

tree 2533

tree 2534

tree 2535

tree 2536

tree 2537

tree 2538

tree 2539

tree 2540

tree 2541

tree 2542

tree 2543

tree 2544

tree 2545

tree 2546

tree 2547

tree 2548

tree 2549

tree 2550

tree 2551

tree 2552

tree 2553

tree 2554

tree 2555

tree 2556

tree 2557

tree 2558

tree 2559

tree 2560

tree 2561

tree 2562

tree 2563

tree 2564

tree 2565

tree 2566

tree 2567

tree 2568

tree 2569

tree 2570

tree 2571

tree 2572

tree 2573

tree 2574

tree 2575

tree 2576

tree 2577

tree 2578

tree 2579

tree 2580

tree 2581

tree 2582

tree 2583

tree 2584

tree 2585

tree 2586

tree 2587

tree 2588

tree 2589

tree 2590

tree 2591

tree 2592

tree 2593

tree 2594

tree 2595

tree 2596

tree 2597

tree 2598

tree 2599

tree 2600

tree 2601

tree 2602

tree 2603

tree 2604

tree 2605

tree 2606

tree 2607

tree 2608

tree 2609

tree 2610

tree 2611

tree 2612

tree 2613

tree 2614

tree 2615

tree 2616

tree 2617

tree 2618

tree 2619

tree 2620

tree 2621

tree 2622

tree 2623

tree 2624

tree 2625

tree 2626

tree 2627

tree 2628

tree 2629

tree 2630

tree 2631

tree 2632

tree 2633

tree 2634

tree 2635

tree 2636

tree 2637

tree 2638

tree 2639

tree 2640

tree 2641

tree 2642

tree 2643

tree 2644

tree 2645

tree 2646

tree 2647

tree 2648

tree 2649

tree 2650

tree 2651

tree 2652

tree 2653

tree 2654

tree 2655

tree 2656

tree 2657

tree 2658

tree 2659

tree 2660

tree 2661

tree 2662

tree 2663

tree 2664

tree 2665

tree 2666

tree 2667

tree 2668

tree 2669

tree 2670

tree 2671

tree 2672

tree 2673

tree 2674

tree 2675

tree 2676

tree 2677

tree 2678

tree 2679

tree 2680

tree 2681

tree 2682

tree 2683

tree 2684

tree 2685

tree 2686

tree 2687

tree 2688

tree 2689

tree 2690

tree 2691

tree 2692

tree 2693

tree 2694

tree 2695

tree 2696

tree 2697

tree 2698

tree 2699

tree 2700

tree 2701

tree 2702

tree 2703

tree 2704

tree 2705

tree 2706

tree 2707

tree 2708

tree 2709

tree 2710

tree 2711

tree 2712

tree 2713

tree 2714

tree 2715

tree 2716

tree 2717

tree 2718

tree 2719

tree 2720

tree 2721

tree 2722

tree 2723

tree 2724

tree 2725

tree 2726

tree 2727

tree 2728

tree 2729

tree 2730

tree 2731

tree 2732

tree 2733

tree 2734

tree 2735

tree 2736

tree 2737

tree 2738

tree 2739

tree 2740

tree 2741

tree 2742

tree 2743

tree 2744

tree 2745

tree 2746

tree 2747

tree 2748

tree 2749

tree 2750

tree 2751

tree 2752

tree 2753

tree 2754

tree 2755

tree 2756

tree 2757

tree 2758

tree 2759

tree 2760

tree 2761

tree 2762

tree 2763

tree 2764

tree 2765

tree 2766

tree 2767

tree 2768

tree 2769

tree 2770

tree 2771

tree 2772

tree 2773

tree 2774

tree 2775

tree 2776

tree 2777

tree 2778

tree 2779

tree 2780

tree 2781

tree 2782

tree 2783

tree 2784

tree 2785

tree 2786

tree 2787

tree 2788

tree 2789

tree 2790

tree 2791

tree 2792

tree 2793

tree 2794

tree 2795

tree 2796

tree 2797

tree 2798

tree 2799

tree 2800

tree 2801

tree 2802

tree 2803

tree 2804

tree 2805

tree 2806

tree 2807

tree 2808

tree 2809

tree 2810

tree 2811

tree 2812

tree 2813

tree 2814

tree 2815

tree 2816

tree 2817

tree 2818

tree 2819

tree 2820

tree 2821

tree 2822

tree 2823

tree 2824

tree 2825

tree 2826

tree 2827

tree 2828

tree 2829

tree 2830

tree 2831

tree 2832

tree 2833

tree 2834

tree 2835

tree 2836

tree 2837

tree 2838

tree 2839

tree 2840

tree 2841

tree 2842

tree 2843

tree 2844

tree 2845

tree 2846

tree 2847

tree 2848

tree 2849

tree 2850

tree 2851

tree 2852

tree 2853

tree 2854

tree 2855

tree 2856

tree 2857

tree 2858

tree 2859

tree 2860

tree 2861

tree 2862

tree 2863

tree 2864

tree 2865

tree 2866

tree 2867

tree 2868

tree 2869

tree 2870

tree 2871

tree 2872

tree 2873

tree 2874

tree 2875

tree 2876

tree 2877

tree 2878

tree 2879

tree 2880

tree 2881

tree 2882

tree 2883

tree 2884

tree 2885

tree 2886

tree 2887

tree 2888

tree 2889

tree 2890

tree 2891

tree 2892

tree 2893

tree 2894

tree 2895

tree 2896

tree 2897

tree 2898

tree 2899

tree 2900

tree 2901

tree 2902

tree 2903

tree 2904

tree 2905

tree 2906

tree 2907

tree 2908

tree 2909

tree 2910

tree 2911

tree 2912

tree 2913

tree 2914

tree 2915

tree 2916

tree 2917

tree 2918

tree 2919

tree 2920

tree 2921

tree 2922

tree 2923

tree 2924

tree 2925

tree 2926

tree 2927

tree 2928

tree 2929

tree 2930

tree 2931

tree 2932

tree 2933

tree 2934

tree 2935

tree 2936

tree 2937

tree 2938

tree 2939

tree 2940

tree 2941

tree 2942

tree 2943

tree 2944

tree 2945

tree 2946

tree 2947

tree 2948

tree 2949

tree 2950

tree 2951

tree 2952

tree 2953

tree 2954

tree 2955

tree 2956

tree 2957

tree 2958

tree 2959

tree 2960

tree 2961

tree 2962

tree 2963

tree 2964

tree 2965

tree 2966

tree 2967

tree 2968

tree 2969

tree 2970

tree 2971

tree 2972

tree 2973

tree 2974

tree 2975

tree 2976

tree 2977

tree 2978

tree 2979

tree 2980

tree 2981

tree 2982

tree 2983

tree 2984

tree 2985

tree 2986

tree 2987

tree 2988

tree 2989

tree 2990

tree 2991

tree 2992

tree 2993

tree 2994

tree 2995

tree 2996

tree 2997

tree 2998

tree 2999

tree 3000

tree 3001

tree 3002

tree 3003

tree 3004

tree 3005

tree 3006

tree 3007

tree 3008

tree 3009

tree 3010

tree 3011

tree 3012

tree 3013

tree 3014

tree 3015

tree 3016

tree 3017

tree 3018

tree 3019

tree 3020

tree 3021

tree 3022

tree 3023

tree 3024

tree 3025

tree 3026

tree 3027

tree 3028

tree 3029

tree 3030

tree 3031

tree 3032

tree 3033

tree 3034

tree 3035

tree 3036

tree 3037

tree 3038

tree 3039

tree 3040

tree 3041

tree 3042

tree 3043

tree 3044

tree 3045

tree 3046

tree 3047

tree 3048

tree 3049

tree 3050

tree 3051
